
> myapp@0.1.0 build
> next build

[baseline-browser-mapping] The data in this module is over two months old.  To ensure accurate Baseline data, please update: `npm i baseline-browser-mapping@latest -D`
   ▲ Next.js 16.0.7 (Turbopack)
   - Environments: .env.local

 ⚠ The "middleware" file convention is deprecated. Please use "proxy" instead. Learn more: https://nextjs.org/docs/messages/middleware-to-proxy
   Creating an optimized production build ...
[baseline-browser-mapping] The data in this module is over two months old.  To ensure accurate Baseline data, please update: `npm i baseline-browser-mapping@latest -D`
 ✓ Compiled successfully in 6.5s
   Running TypeScript ...
Failed to compile.

./scripts/get_socket_test_data.ts:3:17
Type error: Could not find a declaration file for module 'jsonwebtoken'. 'C:/Users/mahesh-work/Desktop/Lite_backend/v2-lite-backend/node_modules/jsonwebtoken/index.js' implicitly has an 'any' type.
  Try `npm i --save-dev @types/jsonwebtoken` if it exists or add a new declaration (.d.ts) file containing `declare module 'jsonwebtoken';`

[0m [90m 1 |[39m [36mimport[39m mongoose [36mfrom[39m [32m'mongoose'[39m[33m;[39m
 [90m 2 |[39m [36mimport[39m [33m*[39m [36mas[39m dotenv [36mfrom[39m [32m'dotenv'[39m[33m;[39m
[31m[1m>[22m[39m[90m 3 |[39m [36mimport[39m jwt [36mfrom[39m [32m'jsonwebtoken'[39m[33m;[39m [90m// using jsonwebtoken directly as 'jose' is async and might be overkill for this script[39m
 [90m   |[39m                 [31m[1m^[22m[39m
 [90m 4 |[39m [36mimport[39m [33mProject[39m [36mfrom[39m [32m'../models/Project'[39m[33m;[39m
 [90m 5 |[39m [36mimport[39m [33mUser[39m [36mfrom[39m [32m'../models/User'[39m[33m;[39m
 [90m 6 |[39m [36mimport[39m dbConnect [36mfrom[39m [32m'../lib/dbConnect'[39m[33m;[39m[0m
Next.js build worker exited with code: 1 and signal: null
