Starting Notification Verification for zameersailong@gmail.com...
0. Connecting to MongoDB...
   Connected to DB:
1. Skipping Registration (Using Admin Credentials)...
2. Skipping Email Verification...
3. Logging in...
   Logged in.
   Cookie:
   User ID:
4. Creating Project...
Project creation failed:
Starting Notification Verification for zameersailong@gmail.com...
0. Connecting to MongoDB...
   Connected to DB: constructionApp
1. Skipping Registration (Using Admin Credentials)...
2. Skipping Email Verification...
3. Logging in...
   Logged in.
   Cookie: app_session=eyJhbGciOiJIUzI1NiJ9.eyJfaWQiOiI2OTBkO...
   User ID: 690d86c4425a1a0b7dfe7d42
4. Creating Project...
Project creation failed: {"success":false,"message":"Unauthorized"}
Starting Notification Verification for zameersailong@gmail.com...
0. Connecting to MongoDB...
   Connected to DB: constructionApp
1. Skipping Registration (Using Admin Credentials)...
2. Skipping Email Verification...
3. Logging in...
   Logged in.
   Cookie: app_session=eyJhbGciOiJIUzI1NiJ9.eyJfaWQiOiI2OTBkO...
   User ID: 690d86c4425a1a0b7dfe7d42
4. Creating Project...
Project creation failed: {"success":false,"message":"Unauthorized"}
Starting Notification Verification for zameersailong@gmail.com...
0. Connecting to MongoDB...
   Connected to DB: constructionApp
1. Skipping Registration (Using Admin Credentials)...
2. Skipping Email Verification...
3. Logging in...
   Logged in.
   Cookie: app_session=eyJhbGciOiJIUzI1NiJ9.eyJfaWQiOiI2OTBkO...
   User ID: 690d86c4425a1a0b7dfe7d42
4. Creating Project...
Project creation failed: {"success":false,"message":"Unauthorized"}
Starting Notification Verification for zameersailong@gmail.com...
0. Connecting to MongoDB...
   Connected to DB: constructionApp
1. Skipping Registration (Using Admin Credentials)...
2. Skipping Email Verification...
3. Logging in...
   Logged in.
   Cookie: app_session=eyJhbGciOiJIUzI1NiJ9.eyJfaWQiOiI2OTBkO...
   User ID: 690d86c4425a1a0b7dfe7d42
   User Role: admin
4. Creating Project...
Project creation failed: {"success":false,"message":"Unauthorized"}
Starting Notification Verification for zameersailong@gmail.com...
0. Connecting to MongoDB...
   Connected to DB: constructionApp
1. Skipping Registration (Using Admin Credentials)...
2. Skipping Email Verification...
3. Logging in...
   All Headers: [["access-control-allow-headers","*"],["access-control-allow-methods","GET, POST, PUT, DELETE, OPTIONS, PATCH"],["access-control-allow-origin","*"],["connection","keep-alive"],["content-type","application/json"],["date","Thu, 15 Jan 2026 16:36:25 GMT"],["keep-alive","timeout=5"],["set-cookie","app_session=eyJhbGciOiJIUzI1NiJ9.eyJfaWQiOiI2OTBkODZjNDQyNWExYTBiN2RmZTdkNDIiLCJleHAiOjE3NjkwOTk3ODV9.IB_KsaQkx5aS9nAXw5QT1UezD6Rx68t1tov7NfP9qaU; Path=/; Expires=Thu, 22 Jan 2026 16:36:25 GMT; Max-Age=604800; HttpOnly; SameSite=lax"],["transfer-encoding","chunked"],["vary","rsc, next-router-state-tree, next-router-prefetch, next-router-segment-prefetch"]]
   Set-Cookie Header: app_session=eyJhbGciOiJIUzI1NiJ9.eyJfaWQiOiI2OTBkODZjNDQyNWExYTBiN2RmZTdkNDIiLCJleHAiOjE3NjkwOTk3ODV9.IB_KsaQkx5aS9nAXw5QT1UezD6Rx68t1tov7NfP9qaU; Path=/; Expires=Thu, 22 Jan 2026 16:36:25 GMT; Max-Age=604800; HttpOnly; SameSite=lax
   Logged in.
   Cookie: app_session=eyJhbGciOiJIUzI1NiJ9.eyJfaWQiOiI2OTBkO...
   User ID: 690d86c4425a1a0b7dfe7d42
   User Role: admin
4. Creating Project...
Project creation failed: {"success":false,"message":"Unauthorized"}
Starting Notification Verification for zameersailong@gmail.com...
0. Connecting to MongoDB...
   Connected to DB: constructionApp
1. Skipping Registration (Using Admin Credentials)...
2. Skipping Email Verification...
3. Logging in...
   All Headers: [["access-control-allow-headers","*"],["access-control-allow-methods","GET, POST, PUT, DELETE, OPTIONS, PATCH"],["access-control-allow-origin","*"],["connection","keep-alive"],["content-type","application/json"],["date","Thu, 15 Jan 2026 16:37:34 GMT"],["keep-alive","timeout=5"],["set-cookie","app_session=eyJhbGciOiJIUzI1NiJ9.eyJfaWQiOiI2OTBkODZjNDQyNWExYTBiN2RmZTdkNDIiLCJleHAiOjE3NjkwOTk4NTR9.yXU933GoooJKEn-8uo6fyJLzndIFC25CzHtOV3yQQf8; Path=/; Expires=Thu, 22 Jan 2026 16:37:34 GMT; Max-Age=604800; HttpOnly; SameSite=lax"],["transfer-encoding","chunked"],["vary","rsc, next-router-state-tree, next-router-prefetch, next-router-segment-prefetch"]]
   Set-Cookie Header: app_session=eyJhbGciOiJIUzI1NiJ9.eyJfaWQiOiI2OTBkODZjNDQyNWExYTBiN2RmZTdkNDIiLCJleHAiOjE3NjkwOTk4NTR9.yXU933GoooJKEn-8uo6fyJLzndIFC25CzHtOV3yQQf8; Path=/; Expires=Thu, 22 Jan 2026 16:37:34 GMT; Max-Age=604800; HttpOnly; SameSite=lax
   Extracted Token: eyJhbGciOiJIUzI1NiJ9...
   Logged in.
   User ID: 690d86c4425a1a0b7dfe7d42
   User Role: admin
4. Creating Project...
Project creation failed: {"success":false,"message":"Server error while creating project"}
Starting Notification Verification for zameersailong@gmail.com...
0. Connecting to MongoDB...
   Connected to DB: constructionApp
1. Skipping Registration (Using Admin Credentials)...
2. Skipping Email Verification...
3. Logging in...
   All Headers: [["access-control-allow-headers","*"],["access-control-allow-methods","GET, POST, PUT, DELETE, OPTIONS, PATCH"],["access-control-allow-origin","*"],["connection","keep-alive"],["content-type","application/json"],["date","Thu, 15 Jan 2026 16:38:37 GMT"],["keep-alive","timeout=5"],["set-cookie","app_session=eyJhbGciOiJIUzI1NiJ9.eyJfaWQiOiI2OTBkODZjNDQyNWExYTBiN2RmZTdkNDIiLCJleHAiOjE3NjkwOTk5MTd9.EQKEZIYkE2RDfL5pwpsrRwzAgJxvJrlBo6nbsBtevsM; Path=/; Expires=Thu, 22 Jan 2026 16:38:37 GMT; Max-Age=604800; HttpOnly; SameSite=lax"],["transfer-encoding","chunked"],["vary","rsc, next-router-state-tree, next-router-prefetch, next-router-segment-prefetch"]]
   Set-Cookie Header: app_session=eyJhbGciOiJIUzI1NiJ9.eyJfaWQiOiI2OTBkODZjNDQyNWExYTBiN2RmZTdkNDIiLCJleHAiOjE3NjkwOTk5MTd9.EQKEZIYkE2RDfL5pwpsrRwzAgJxvJrlBo6nbsBtevsM; Path=/; Expires=Thu, 22 Jan 2026 16:38:37 GMT; Max-Age=604800; HttpOnly; SameSite=lax
   Extracted Token: eyJhbGciOiJIUzI1NiJ9...
   Logged in.
   User ID: 690d86c4425a1a0b7dfe7d42
   User Role: admin
4. Creating Project...
Project creation failed: {"success":false,"message":"Server error while creating project"}
Starting Notification Verification for zameersailong@gmail.com...
0. Connecting to MongoDB...
   Connected to DB: constructionApp
1. Skipping Registration (Using Admin Credentials)...
2. Skipping Email Verification...
3. Logging in...
   All Headers: [["access-control-allow-headers","*"],["access-control-allow-methods","GET, POST, PUT, DELETE, OPTIONS, PATCH"],["access-control-allow-origin","*"],["connection","keep-alive"],["content-type","application/json"],["date","Thu, 15 Jan 2026 16:42:46 GMT"],["keep-alive","timeout=5"],["set-cookie","app_session=eyJhbGciOiJIUzI1NiJ9.eyJfaWQiOiI2OTBkODZjNDQyNWExYTBiN2RmZTdkNDIiLCJleHAiOjE3NjkxMDAxNjZ9.5KsOpUkOAzRhlS_5AtZkEd3qaa6kgPhYCHqPhTwcHvo; Path=/; Expires=Thu, 22 Jan 2026 16:42:46 GMT; Max-Age=604800; HttpOnly; SameSite=lax"],["transfer-encoding","chunked"],["vary","rsc, next-router-state-tree, next-router-prefetch, next-router-segment-prefetch"]]
   Set-Cookie Header: app_session=eyJhbGciOiJIUzI1NiJ9.eyJfaWQiOiI2OTBkODZjNDQyNWExYTBiN2RmZTdkNDIiLCJleHAiOjE3NjkxMDAxNjZ9.5KsOpUkOAzRhlS_5AtZkEd3qaa6kgPhYCHqPhTwcHvo; Path=/; Expires=Thu, 22 Jan 2026 16:42:46 GMT; Max-Age=604800; HttpOnly; SameSite=lax
   Extracted Token: eyJhbGciOiJIUzI1NiJ9...
   Logged in.
   User ID: 690d86c4425a1a0b7dfe7d42
   User Role: admin
4. Creating Project...
Project creation failed: {"success":false,"message":"Server error while creating project"}
Starting Notification Verification for zameersailong@gmail.com...
0. Connecting to MongoDB...
   Connected to DB: constructionApp
1. Skipping Registration (Using Admin Credentials)...
2. Skipping Email Verification...
3. Logging in...
   All Headers: [["access-control-allow-headers","*"],["access-control-allow-methods","GET, POST, PUT, DELETE, OPTIONS, PATCH"],["access-control-allow-origin","*"],["connection","keep-alive"],["content-type","application/json"],["date","Thu, 15 Jan 2026 16:45:33 GMT"],["keep-alive","timeout=5"],["set-cookie","app_session=eyJhbGciOiJIUzI1NiJ9.eyJfaWQiOiI2OTBkODZjNDQyNWExYTBiN2RmZTdkNDIiLCJleHAiOjE3NjkxMDAzMzN9.1CCj6ioRoBfAD73E2KihP7QMZEME9ekGFvtBm1W15_g; Path=/; Expires=Thu, 22 Jan 2026 16:45:33 GMT; Max-Age=604800; HttpOnly; SameSite=lax"],["transfer-encoding","chunked"],["vary","rsc, next-router-state-tree, next-router-prefetch, next-router-segment-prefetch"]]
   Set-Cookie Header: app_session=eyJhbGciOiJIUzI1NiJ9.eyJfaWQiOiI2OTBkODZjNDQyNWExYTBiN2RmZTdkNDIiLCJleHAiOjE3NjkxMDAzMzN9.1CCj6ioRoBfAD73E2KihP7QMZEME9ekGFvtBm1W15_g; Path=/; Expires=Thu, 22 Jan 2026 16:45:33 GMT; Max-Age=604800; HttpOnly; SameSite=lax
   Extracted Token: eyJhbGciOiJIUzI1NiJ9...
   Logged in.
   User ID: 690d86c4425a1a0b7dfe7d42
   User Role: admin
4. Creating Project...
Project creation failed: {"success":false,"message":"Server error while creating project"}
Starting Notification Verification for zameersailong@gmail.com...
0. Connecting to MongoDB...
   Connected to DB: constructionApp
1. Skipping Registration (Using Admin Credentials)...
2. Skipping Email Verification...
3. Logging in...
   All Headers: [["access-control-allow-headers","*"],["access-control-allow-methods","GET, POST, PUT, DELETE, OPTIONS, PATCH"],["access-control-allow-origin","*"],["connection","keep-alive"],["content-type","application/json"],["date","Thu, 15 Jan 2026 16:46:06 GMT"],["keep-alive","timeout=5"],["set-cookie","app_session=eyJhbGciOiJIUzI1NiJ9.eyJfaWQiOiI2OTBkODZjNDQyNWExYTBiN2RmZTdkNDIiLCJleHAiOjE3NjkxMDAzNjZ9.ADb_e_Ivyp34mGl6rfI3anVtFYEBSAM9XF6I2qzjHas; Path=/; Expires=Thu, 22 Jan 2026 16:46:06 GMT; Max-Age=604800; HttpOnly; SameSite=lax"],["transfer-encoding","chunked"],["vary","rsc, next-router-state-tree, next-router-prefetch, next-router-segment-prefetch"]]
   Set-Cookie Header: app_session=eyJhbGciOiJIUzI1NiJ9.eyJfaWQiOiI2OTBkODZjNDQyNWExYTBiN2RmZTdkNDIiLCJleHAiOjE3NjkxMDAzNjZ9.ADb_e_Ivyp34mGl6rfI3anVtFYEBSAM9XF6I2qzjHas; Path=/; Expires=Thu, 22 Jan 2026 16:46:06 GMT; Max-Age=604800; HttpOnly; SameSite=lax
   Extracted Token: eyJhbGciOiJIUzI1NiJ9...
   Logged in.
   User ID: 690d86c4425a1a0b7dfe7d42
   User Role: admin
4. Creating Project...
Project creation failed: {"success":false,"message":"Server error while creating project","error":"E11000 duplicate key error collection: constructionApp.projects index: clientPhone_1 dup key: { clientPhone: 1234567890 }"}
Starting Notification Verification for zameersailong@gmail.com...
0. Connecting to MongoDB...
   Connected to DB: constructionApp
1. Skipping Registration (Using Admin Credentials)...
2. Skipping Email Verification...
3. Logging in...
   All Headers: [["access-control-allow-headers","*"],["access-control-allow-methods","GET, POST, PUT, DELETE, OPTIONS, PATCH"],["access-control-allow-origin","*"],["connection","keep-alive"],["content-type","application/json"],["date","Thu, 15 Jan 2026 16:46:28 GMT"],["keep-alive","timeout=5"],["set-cookie","app_session=eyJhbGciOiJIUzI1NiJ9.eyJfaWQiOiI2OTBkODZjNDQyNWExYTBiN2RmZTdkNDIiLCJleHAiOjE3NjkxMDAzODh9.nnLTNusN1z-VqKeMMxvbYhougJAZdFhdaW-UwBFcth8; Path=/; Expires=Thu, 22 Jan 2026 16:46:28 GMT; Max-Age=604800; HttpOnly; SameSite=lax"],["transfer-encoding","chunked"],["vary","rsc, next-router-state-tree, next-router-prefetch, next-router-segment-prefetch"]]
   Set-Cookie Header: app_session=eyJhbGciOiJIUzI1NiJ9.eyJfaWQiOiI2OTBkODZjNDQyNWExYTBiN2RmZTdkNDIiLCJleHAiOjE3NjkxMDAzODh9.nnLTNusN1z-VqKeMMxvbYhougJAZdFhdaW-UwBFcth8; Path=/; Expires=Thu, 22 Jan 2026 16:46:28 GMT; Max-Age=604800; HttpOnly; SameSite=lax
   Extracted Token: eyJhbGciOiJIUzI1NiJ9...
   Logged in.
   User ID: 690d86c4425a1a0b7dfe7d42
   User Role: admin
4. Creating Project...
Project creation failed: {"success":false,"message":"Server error while creating project","error":"E11000 duplicate key error collection: constructionApp.projects index: clientPhone_1 dup key: { clientPhone: 1234567890 }"}
Starting Notification Verification for zameersailong@gmail.com...
0. Connecting to MongoDB...
   Connected to DB: constructionApp
1. Skipping Registration (Using Admin Credentials)...
2. Skipping Email Verification...
3. Logging in...
   All Headers: [["access-control-allow-headers","*"],["access-control-allow-methods","GET, POST, PUT, DELETE, OPTIONS, PATCH"],["access-control-allow-origin","*"],["connection","keep-alive"],["content-type","application/json"],["date","Thu, 15 Jan 2026 16:47:09 GMT"],["keep-alive","timeout=5"],["set-cookie","app_session=eyJhbGciOiJIUzI1NiJ9.eyJfaWQiOiI2OTBkODZjNDQyNWExYTBiN2RmZTdkNDIiLCJleHAiOjE3NjkxMDA0Mjl9.pOuL6uIFq-RJkmYgJvjBRqNXUNCyH34SBeo5A3YZl7A; Path=/; Expires=Thu, 22 Jan 2026 16:47:09 GMT; Max-Age=604800; HttpOnly; SameSite=lax"],["transfer-encoding","chunked"],["vary","rsc, next-router-state-tree, next-router-prefetch, next-router-segment-prefetch"]]
   Set-Cookie Header: app_session=eyJhbGciOiJIUzI1NiJ9.eyJfaWQiOiI2OTBkODZjNDQyNWExYTBiN2RmZTdkNDIiLCJleHAiOjE3NjkxMDA0Mjl9.pOuL6uIFq-RJkmYgJvjBRqNXUNCyH34SBeo5A3YZl7A; Path=/; Expires=Thu, 22 Jan 2026 16:47:09 GMT; Max-Age=604800; HttpOnly; SameSite=lax
   Extracted Token: eyJhbGciOiJIUzI1NiJ9...
   Logged in.
   User ID: 690d86c4425a1a0b7dfe7d42
   User Role: admin
4. Creating Project...
   Project Created: 69691a0d3300ef8da91b04c2
5. Testing Budget Alert...
   Transaction Created: true
   ✅ Budget Alert Notification Found: Project "Notify Project 8969" has exceeded its budget. Total Spent: 1500, Budget: 1000
6. Testing Time Extension Alert...
   Project Updated: false
   ✅ Time Extension Alert Notification Found: Project "Notify Project 8969" timeline has been extended from Fri Jan 16 2026 to Sat Jan 17 2026.
7. Verifying Project Stats...
   ❌ Failed to fetch project stats
